# JRE version: OpenJDK Runtime Environment (21.0.7) (build 21.0.7+-13880790-b1038.58)
# Java VM: OpenJDK 64-Bit Server VM (21.0.7+-13880790-b1038.58, mixed mode, tiered, compressed oops, compressed class ptrs, g1 gc, windows-amd64)
GC Precious Log:
 CardTable entry size: 512
 Card Set container configuration: InlinePtr #cards 5 size 8 Array Of Cards #cards 12 size 40 Howl #buckets 4 coarsen threshold 1843 Howl Bitmap #cards 512 size 80 coarsen threshold 460 Card regions per heap region 1 cards per card region 2048
 CPUs: 22 total, 22 available
 Memory: 32220M
 Large Page Support: Disabled
 NUMA Support: Disabled
 Compressed Oops: Enabled (32-bit)
 Heap Region Size: 1M
 Heap Min Capacity: 64M
 Heap Initial Capacity: 64M
 Heap Max Capacity: 64M
 Pre-touch: Disabled
 Parallel Workers: 16
 Concurrent Workers: 4
 Concurrent Refinement Workers: 16
 Periodic GC: Disabled
Heap:
 garbage-first heap   total 65536K, used 19543K [0x00000000fc000000, 0x0000000100000000)
  region size 1024K, 7 young (7168K), 2 survivors (2048K)
 Metaspace       used 27052K, committed 27392K, reserved 1114112K
  class space    used 3094K, committed 3264K, reserved 1048576K
GC Heap History (8 events):
Event: 2.701 GC heap before
{Heap before GC invocations=0 (full 0):
 garbage-first heap   total 65536K, used 22528K [0x00000000fc000000, 0x0000000100000000)
  region size 1024K, 23 young (23552K), 0 survivors (0K)
 Metaspace       used 16808K, committed 17024K, reserved 1114112K
  class space    used 1708K, committed 1792K, reserved 1048576K
}
Event: 2.707 GC heap after
{Heap after GC invocations=1 (full 0):
 garbage-first heap   total 65536K, used 3600K [0x00000000fc000000, 0x0000000100000000)
  region size 1024K, 3 young (3072K), 3 survivors (3072K)
 Metaspace       used 16808K, committed 17024K, reserved 1114112K
  class space    used 1708K, committed 1792K, reserved 1048576K
}
Event: 21.967 GC heap before
{Heap before GC invocations=1 (full 0):
 garbage-first heap   total 65536K, used 33296K [0x00000000fc000000, 0x0000000100000000)
  region size 1024K, 32 young (32768K), 3 survivors (3072K)
 Metaspace       used 17371K, committed 17536K, reserved 1114112K
  class space    used 1762K, committed 1856K, reserved 1048576K
}
Event: 21.971 GC heap after
{Heap after GC invocations=2 (full 0):
 garbage-first heap   total 65536K, used 4733K [0x00000000fc000000, 0x0000000100000000)
  region size 1024K, 1 young (1024K), 1 survivors (1024K)
 Metaspace       used 17371K, committed 17536K, reserved 1114112K
  class space    used 1762K, committed 1856K, reserved 1048576K
}
Event: 22.281 GC heap before
{Heap before GC invocations=2 (full 0):
 garbage-first heap   total 65536K, used 34429K [0x00000000fc000000, 0x0000000100000000)
  region size 1024K, 29 young (29696K), 1 survivors (1024K)
 Metaspace       used 21294K, committed 21504K, reserved 1114112K
  class space    used 2342K, committed 2496K, reserved 1048576K
}
Event: 22.283 GC heap after
{Heap after GC invocations=3 (full 0):
 garbage-first heap   total 65536K, used 13426K [0x00000000fc000000, 0x0000000100000000)
  region size 1024K, 5 young (5120K), 5 survivors (5120K)
 Metaspace       used 21294K, committed 21504K, reserved 1114112K
  class space    used 2342K, committed 2496K, reserved 1048576K
}
Event: 196.791 GC heap before
{Heap before GC invocations=4 (full 0):
 garbage-first heap   total 65536K, used 47218K [0x00000000fc000000, 0x0000000100000000)
  region size 1024K, 38 young (38912K), 5 survivors (5120K)
 Metaspace       used 27045K, committed 27392K, reserved 1114112K
  class space    used 3094K, committed 3264K, reserved 1048576K
}
Event: 196.798 GC heap after
{Heap after GC invocations=5 (full 0):
 garbage-first heap   total 65536K, used 15447K [0x00000000fc000000, 0x0000000100000000)
  region size 1024K, 2 young (2048K), 2 survivors (2048K)
 Metaspace       used 27045K, committed 27392K, reserved 1114112K
  class space    used 3094K, committed 3264K, reserved 1048576K
}

